<?xml version="1.0" encoding="UTF-8"?>
<!-- Generated by org.testng.reporters.JUnitReportReporter -->
<testsuite hostname="Srinithi" failures="0" tests="1" name="testcases.TC_VerifyInvalidLogin" time="4.360" errors="0" timestamp="2020-06-26T21:53:54 IST" skipped="0">
  <testcase classname="testcases.TC_VerifyInvalidLogin" name="invalidLogin" time="4.360"/>
  <system-out/>
</testsuite> <!-- testcases.TC_VerifyInvalidLogin -->
