<?xml version="1.0" encoding="UTF-8"?>
<!-- Generated by org.testng.reporters.JUnitReportReporter -->
<testsuite hostname="Srinithi" failures="0" tests="10" name="testcases.TC_VerifyMain" time="18.114" errors="0" timestamp="2020-06-26T21:53:54 IST" skipped="0">
  <testcase classname="testcases.TC_VerifyMain" name="sortbyBudget" time="0.297"/>
  <system-out/>
  <testcase classname="testcases.TC_VerifyMain" name="sortbyapprxPrice" time="4.549"/>
  <system-out/>
  <testcase classname="testcases.TC_VerifyMain" name="sortbyBrandName" time="1.209"/>
  <system-out/>
  <testcase classname="testcases.TC_VerifyMain" name="sortbyPriceRange" time="1.866"/>
  <system-out/>
  <testcase classname="testcases.TC_VerifyMain" name="upcomingbikeName1" time="3.633"/>
  <system-out/>
  <testcase classname="testcases.TC_VerifyMain" name="upcomingbikePrice1" time="1.044"/>
  <system-out/>
  <testcase classname="testcases.TC_VerifyMain" name="upcomingbikeDate1" time="3.335"/>
  <system-out/>
  <testcase classname="testcases.TC_VerifyMain" name="upcomingbikeName2" time="1.596"/>
  <system-out/>
  <testcase classname="testcases.TC_VerifyMain" name="upcomingbikePrice2" time="0.055"/>
  <system-out/>
  <testcase classname="testcases.TC_VerifyMain" name="upcomingbikeDate2" time="0.530"/>
  <system-out/>
</testsuite> <!-- testcases.TC_VerifyMain -->
