<?xml version="1.0" encoding="UTF-8"?>
<!-- Generated by org.testng.reporters.JUnitReportReporter -->
<testsuite hostname="Srinithi" failures="0" tests="3" name="testcases.TC_UpcomingBikes" time="23.196" errors="0" timestamp="2020-05-24T20:44:11 IST" skipped="0">
  <testcase classname="testcases.TC_UpcomingBikes" name="verifymain" time="12.517"/>
  <system-out/>
  <testcase classname="testcases.TC_UpcomingBikes" name="getBike1" time="8.695"/>
  <system-out/>
  <testcase classname="testcases.TC_UpcomingBikes" name="getBike2" time="1.984"/>
  <system-out/>
</testsuite> <!-- testcases.TC_UpcomingBikes -->
