<?xml version="1.0" encoding="UTF-8"?>
<!-- Generated by org.testng.reporters.JUnitReportReporter -->
<testsuite hostname="Srinithi" failures="0" tests="3" name="testcases.TC_VerifyLogin" time="8.548" errors="0" timestamp="2020-06-26T21:53:54 IST" skipped="0">
  <testcase classname="testcases.TC_VerifyLogin" name="verifyLogin" time="4.177"/>
  <system-out/>
  <testcase classname="testcases.TC_VerifyLogin" name="verifyHomePageTitle" time="0.571"/>
  <system-out/>
  <testcase classname="testcases.TC_VerifyLogin" name="selectCity" time="3.800"/>
  <system-out/>
</testsuite> <!-- testcases.TC_VerifyLogin -->
