<?xml version="1.0" encoding="UTF-8"?>
<!-- Generated by org.testng.reporters.JUnitReportReporter -->
<testsuite hostname="Srinithi" failures="0" tests="10" name="testcases.TC_VerifyMain" time="30.033" errors="0" timestamp="2020-06-26T22:27:58 IST" skipped="0">
  <testcase classname="testcases.TC_VerifyMain" name="sortbyBudget" time="14.576"/>
  <system-out/>
  <testcase classname="testcases.TC_VerifyMain" name="sortbyapprxPrice" time="3.969"/>
  <system-out/>
  <testcase classname="testcases.TC_VerifyMain" name="sortbyBrandName" time="0.908"/>
  <system-out/>
  <testcase classname="testcases.TC_VerifyMain" name="sortbyPriceRange" time="1.616"/>
  <system-out/>
  <testcase classname="testcases.TC_VerifyMain" name="upcomingbikeName1" time="3.072"/>
  <system-out/>
  <testcase classname="testcases.TC_VerifyMain" name="upcomingbikePrice1" time="1.044"/>
  <system-out/>
  <testcase classname="testcases.TC_VerifyMain" name="upcomingbikeDate1" time="3.030"/>
  <system-out/>
  <testcase classname="testcases.TC_VerifyMain" name="upcomingbikeName2" time="1.336"/>
  <system-out/>
  <testcase classname="testcases.TC_VerifyMain" name="upcomingbikePrice2" time="0.039"/>
  <system-out/>
  <testcase classname="testcases.TC_VerifyMain" name="upcomingbikeDate2" time="0.443"/>
  <system-out/>
</testsuite> <!-- testcases.TC_VerifyMain -->
