<?xml version="1.0" encoding="UTF-8"?>
<!-- Generated by org.testng.reporters.JUnitReportReporter -->
<testsuite hostname="Srinithi" failures="0" tests="1" name="testcases.TC_VerifyInvalidLogin" time="8.775" errors="0" timestamp="2020-06-26T22:27:58 IST" skipped="0">
  <testcase classname="testcases.TC_VerifyInvalidLogin" name="invalidLogin" time="8.775"/>
  <system-out/>
</testsuite> <!-- testcases.TC_VerifyInvalidLogin -->
