<?xml version="1.0" encoding="UTF-8"?>
<!-- Generated by org.testng.reporters.JUnitReportReporter -->
<testsuite hostname="Srinithi" failures="0" tests="3" name="testcases.TC_VerifyLogin" time="7.962" errors="0" timestamp="2020-06-26T22:27:58 IST" skipped="0">
  <testcase classname="testcases.TC_VerifyLogin" name="verifyLogin" time="3.978"/>
  <system-out/>
  <testcase classname="testcases.TC_VerifyLogin" name="verifyHomePageTitle" time="0.691"/>
  <system-out/>
  <testcase classname="testcases.TC_VerifyLogin" name="selectCity" time="3.293"/>
  <system-out/>
</testsuite> <!-- testcases.TC_VerifyLogin -->
